0 info it worked if it ends with ok
1 verbose cli [ '/usr/local/Cellar/node/0.10.25/bin/node',
1 verbose cli   '/usr/local/bin/npm',
1 verbose cli   'install',
1 verbose cli   'ngRoute' ]
2 info using npm@1.3.24
3 info using node@v0.10.25
4 verbose readDependencies using package.json deps
5 verbose cache add [ 'ngRoute', null ]
6 verbose cache add name=undefined spec="ngRoute" args=["ngRoute",null]
7 verbose parsed url { protocol: null,
7 verbose parsed url   slashes: null,
7 verbose parsed url   auth: null,
7 verbose parsed url   host: null,
7 verbose parsed url   port: null,
7 verbose parsed url   hostname: null,
7 verbose parsed url   hash: null,
7 verbose parsed url   search: null,
7 verbose parsed url   query: null,
7 verbose parsed url   pathname: 'ngRoute',
7 verbose parsed url   path: 'ngRoute',
7 verbose parsed url   href: 'ngRoute' }
8 silly lockFile dbd4fa39-ngRoute ngRoute
9 verbose lock ngRoute /Users/stevecrespo/.npm/dbd4fa39-ngRoute.lock
10 silly lockFile dbd4fa39-ngRoute ngRoute
11 silly lockFile dbd4fa39-ngRoute ngRoute
12 verbose addNamed [ 'ngRoute', '' ]
13 verbose addNamed [ null, '*' ]
14 silly lockFile c7fabb91-ngRoute ngRoute@
15 verbose lock ngRoute@ /Users/stevecrespo/.npm/c7fabb91-ngRoute.lock
16 silly addNameRange { name: 'ngRoute', range: '*', hasData: false }
17 verbose url raw ngRoute
18 verbose url resolving [ 'https://registry.npmjs.org/', './ngRoute' ]
19 verbose url resolved https://registry.npmjs.org/ngRoute
20 info trying registry request attempt 1 at 11:08:42
21 http GET https://registry.npmjs.org/ngRoute
22 http 404 https://registry.npmjs.org/ngRoute
23 silly registry.get cb [ 404,
23 silly registry.get   { date: 'Sat, 26 Jul 2014 15:08:43 GMT',
23 silly registry.get     server: 'CouchDB/1.5.0 (Erlang OTP/R16B03)',
23 silly registry.get     'content-type': 'application/json',
23 silly registry.get     'cache-control': 'max-age=0',
23 silly registry.get     'content-length': '52',
23 silly registry.get     'accept-ranges': 'bytes',
23 silly registry.get     via: '1.1 varnish',
23 silly registry.get     age: '0',
23 silly registry.get     'x-served-by': 'cache-jfk1021-JFK',
23 silly registry.get     'x-cache': 'MISS',
23 silly registry.get     'x-cache-hits': '0',
23 silly registry.get     'x-timer': 'S1406387323.086696,VS0,VE86',
23 silly registry.get     'keep-alive': 'timeout=10, max=50',
23 silly registry.get     connection: 'Keep-Alive' } ]
24 silly lockFile c7fabb91-ngRoute ngRoute@
25 silly lockFile c7fabb91-ngRoute ngRoute@
26 error 404 'ngRoute' is not in the npm registry.
26 error 404 You should bug the author to publish it
26 error 404 It was specified as a dependency of 'Swiftly'
26 error 404
26 error 404 Note that you can also install from a
26 error 404 tarball, folder, or http url, or git url.
27 error System Darwin 13.3.0
28 error command "/usr/local/Cellar/node/0.10.25/bin/node" "/usr/local/bin/npm" "install" "ngRoute"
29 error cwd /Users/stevecrespo/Swiftly
30 error node -v v0.10.25
31 error npm -v 1.3.24
32 error code E404
33 verbose exit [ 1, true ]
